[INFO  2023-10-16T12:23:18,934 net.lightbody.bmp.proxy.Main] (main) Starting BrowserMob Proxy version 2.1.4 
[INFO  2023-10-16T12:23:18,964 org.eclipse.jetty.util.log] (main) jetty-7.x.y-SNAPSHOT 
[INFO  2023-10-16T12:23:19,004 org.eclipse.jetty.util.log] (main) started o.e.j.s.ServletContextHandler{/,null} 
[WARN  2023-10-16T12:23:19,416 org.eclipse.jetty.util.log] (main) FAILED SelectChannelConnector@0.0.0.0:9090: java.net.BindException: Address already in use 
[WARN  2023-10-16T12:23:19,417 org.eclipse.jetty.util.log] (main) FAILED org.eclipse.jetty.server.Server@61a91912: java.net.BindException: Address already in use 
[ERROR 2023-10-16T12:23:19,418 net.lightbody.bmp.proxy.Main] (main) Failed to start Jetty server. Aborting. java.net.BindException: Address already in use
	at sun.nio.ch.Net.bind0(Native Method) ~[?:?]
	at sun.nio.ch.Net.bind(N[ERROR 2023-10-16T12:24:12,947 org.littleshoot.proxy.impl.ProxyToServerConnection] (LittleProxy-0-ProxyToServerWorker-4) (AWAITING_INITIAL) [id: 0xc6bde44e, L:/192.168.1.6:64156 - R:sentry.sabaidea.cloud/91.228.132.75:443]: Caught an exception on ProxyToServerConnection java.lang.NullPointerException: null
	at org.littleshoot.proxy.impl.ProxyUtils.isHEAD(ProxyUtils.java:347) ~[browsermob-dist-2.1.4.jar:?]
	at org.littleshoot.proxy.impl.ClientToProxyConnection.respond(ClientToProxyConnection.java:430) ~[browsermob-dist-2.1.4.jar:?]
	at org.littleshoot.proxy.impl.ProxyToServerConnection.respondWith(ProxyToServerConnection.java:519) ~[browsermob-dist-2.1.4.jar:?]
	at org.littleshoot.proxy.impl.ProxyToServerConnection.readHTTPInitial(ProxyToServerConnection.java:238) ~[browsermob-dist-2.1.4.jar:?]
	at org.littleshoot.proxy.impl.ProxyToServerConnection.readHTTPInitial(ProxyToServerConnection.java:77) ~[browsermob-dist-2.1.4.jar:?]
	at org.littleshoot.proxy.impl.ProxyConnection.readHTTP(ProxyConnection.java:135) ~[browsermob-dist-2.1.4.jar:?]
	at org.littleshoot.proxy.impl.ProxyConnection.read(ProxyConnection.java:120) ~[browsermob-dist-2.1.4.jar:?]
	at org.littleshoot.proxy.impl.ProxyToServerConnection.read(ProxyToServerConnection.java:214) ~[browsermob-dist-2.1.4.jar:?]
	at org.littleshoot.proxy.impl.ProxyConnection.channelRead0(ProxyConnection.java:587) ~[browsermob-dist-2.1.4.jar:?]
	at io.netty.channel.SimpleChannelInboundHandler.channelRead(SimpleChannelInboundHandler.java:105) ~[browsermob-dist-2.1.4.jar:?]
	at io.netty.channel.AbstractChannelHandlerContext.invokeChannelRead(AbstractChannelHandlerContext.java:373) [browsermob-dist-2.1.4.jar:?]
	at io.netty.channel.AbstractChannelHandlerContext.invokeChannelRead(AbstractChannelHandlerContext.java:359) [browsermob-dist-2.1.4.jar:?]
	at io.netty.channel.AbstractChannelHandlerContext.fireChannelRead(AbstractChannelHandlerContext.java:351) [browsermob-dist-2.1.4.jar:?]
	at io.netty.handler.timeout.IdleStateHandler.channelRead(IdleStateHandler.java:266) [browsermob-dist-2.1.4.jar:?]
	at io.netty.channel.AbstractChannelHandlerContext.invokeChannelRead(AbstractChannelHandlerContext.java:373) [browsermob-dist-2.1.4.jar:?]
	at io.netty.channel.AbstractChannelHandlerContext.invokeChannelRead(AbstractChannelHandlerContext.java:359) [browsermob-dist-2.1.4.jar:?]
	at io.netty.channel.AbstractChannelHandlerContext.fireChannelRead(AbstractChannelHandlerContext.java:351) [browsermob-dist-2.1.4.jar:?]
	at io.netty.channel.ChannelInboundHandlerAdapter.channelRead(ChannelInboundHandlerAdapter.java:86) [browsermob-dist-2.1.4.jar:?]
	at org.littleshoot.proxy.impl.ProxyConnection$ResponseReadMonitor.channelRead(ProxyConnection.java:738) [browsermob-dist-2.1.4.jar:?]
	at io.netty.channel.AbstractChannelHandlerContext.invokeChannelRead(AbstractChannelHandlerContext.java:373) [browsermob-dist-2.1.4.jar:?]
	at io.netty.channel.AbstractChannelHandlerContext.invokeChannelRead(AbstractChannelHandlerContext.java:359) [browsermob-dist-2.1.4.jar:?]
	at io.netty.channel.AbstractChannelHandlerContext.fireChannelRead(AbstractChannelHandlerContext.java:351) [browsermob-dist-2.1.4.jar:?]
	at io.netty.handler.codec.ByteToMessageDecoder.fireChannelRead(ByteToMessageDecoder.java:293) [browsermob-dist-2.1.4.jar:?]
	at io.netty.handler.codec.ByteToMessageDecoder.fireChannelRead(ByteToMessageDecoder.java:280) [browsermob-dist-2.1.4.jar:?]
	at io.netty.handler.codec.ByteToMessageDecoder.callDecode(ByteToMessageDecoder.java:396) [browsermob-dist-2.1.4.jar:?]
	at io.netty.handler.codec.ByteToMessageDecoder.channelRead(ByteToMessageDecoder.java:248) [browsermob-dist-2.1.4.jar:?]
	at io.netty.channel.AbstractChannelHandlerContext.invokeChannelRead(AbstractChannelHandlerContext.java:373) [browsermob-dist-2.1.4.jar:?]
	at io.netty.channel.AbstractChannelHandlerContext.invokeChannelRead(AbstractChannelHandlerContext.java:359) [browsermob-dist-2.1.4.jar:?]
	at io.netty.channel.AbstractChannelHandlerContext.fireChannelRead(AbstractChannelHandlerContext.java:351) [browsermob-dist-2.1.4.jar:?]
	at io.netty.channel.ChannelInboundHandlerAdapter.channelRead(ChannelInboundHandlerAdapter.java:86) [browsermob-dist-2.1.4.jar:?]
	at org.littleshoot.proxy.impl.ProxyConnection$BytesReadMonitor.channelRead(ProxyConnection.java:692) [browsermob-dist-2.1.4.jar:?]
	at io.netty.channel.AbstractChannelHandlerContext.invokeChannelRead(AbstractChannelHandlerContext.java:373) [browsermob-dist-2.1.4.jar:?]
	at io.netty.channel.AbstractChannelHandlerContext.invokeChannelRead(AbstractChannelHandlerContext.java:359) [browsermob-dist-2.1.4.jar:?]
	at io.netty.channel.AbstractChannelHandlerContext.fireChannelRead(AbstractChannelHandlerContext.java:351) [browsermob-dist-2.1.4.jar:?]
	at io.netty.handler.ssl.SslHandler.unwrap(SslHandler.java:1069) [browsermob-dist-2.1.4.jar:?]
	at io.netty.handler.ssl.SslHandler.decode(SslHandler.java:902) [browsermob-dist-2.1.4.jar:?]
	at io.netty.handler.codec.ByteToMessageDecoder.callDecode(ByteToMessageDecoder.java:411) [browsermob-dist-2.1.4.jar:?]
	at io.netty.handler.codec.ByteToMessageDecoder.channelRead(ByteToMessageDecoder.java:248) [browsermob-dist-2.1.4.jar:?]
	at io.netty.channel.AbstractChannelHandlerContext.invokeChannelRead(AbstractChannelHandlerContext.java:373) [browsermob-dist-2.1.4.jar:?]
	at io.netty.channel.AbstractChannelHandlerContext.invokeChannelRead(AbstractChannelHandlerContext.java:359) [browsermob-dist-2.1.4.jar:?]
	at io.netty.channel.AbstractChannelHandlerContext.fireChannelRead(AbstractChannelHandlerContext.java:351) [browsermob-dist-2.1.4.jar:?]
	at io.netty.channel.DefaultChannelPipeline$HeadContext.channelRead(DefaultChannelPipeline.java:1334) [browsermob-dist-2.1.4.jar:?]
	at io.netty.channel.AbstractChannelHandlerContext.invokeChannelRead(AbstractChannelHandlerContext.java:373) [browsermob-dist-2.1.4.jar:?]
	at io.netty.channel.AbstractChannelHandlerContext.invokeChannelRead(AbstractChannelHandlerContext.java:359) [browsermob-dist-2.1.4.jar:?]
	at io.netty.channel.DefaultChannelPipeline.fireChannelRead(DefaultChannelPipeline.java:926) [browsermob-dist-2.1.4.jar:?]
	at io.netty.channel.nio.AbstractNioByteChannel$NioByteUnsafe.read(AbstractNioByteChannel.java:129) [browsermob-dist-2.1.4.jar:?]
	at io.netty.channel.nio.NioEventLoop.processSelectedKey(NioEventLoop.java:651) [browsermob-dist-2.1.4.jar:?]
	at io.netty.channel.nio.NioEventLoop.processSelectedKeysOptimized(NioEventLoop.java:574) [browsermob-dist-2.1.4.jar:?]
	at io.netty.channel.nio.NioEventLoop.processSelectedKeys(NioEventLoop.java:488) [browsermob-dist-2.1.4.jar:?]
	at io.netty.channel.nio.NioEventLoop.run(NioEventLoop.java:450) [browsermob-dist-2.1.4.jar:?]
	at io.netty.util.concurrent.SingleThreadEventExecutor$5.run(SingleThreadEventExecutor.java:873) [browsermob-dist-2.1.4.jar:?]
	at java.lang.Thread.run(Thread.java:829) [?:?]

[INFO  2023-10-16T12:24:12,970 org.littleshoot.proxy.impl.ProxyToServerConnection] (LittleProxy-0-ProxyToServerWorker-4) (AWAITING_INITIAL) [id: 0xc6bde44e, L:/192.168.1.6:64156 - R:sentry.sabaidea.cloud/91.228.132.75:443]: Disconnecting open connection to server 
[ERROR 2023-10-16T12:24:12,978 org.littleshoot.proxy.impl.ProxyToServerConnection] (LittleProxy-0-ProxyToServerWorker-4) (AWAITING_INITIAL) [id: 0xc6bde44e, L:/192.168.1.6:64156 ! R:sentry.sabaidea.cloud/91.228.132.75:443]: Caught an exception on ProxyToServerConnection java.lang.NullPointerException: null
	at org.littleshoot.proxy.impl.ProxyUtils.isHEAD(ProxyUtils.java:347) ~[browsermob-dist-2.1.4.jar:?]
	at org.littleshoot.proxy.impl.ClientToProxyConnection.respond(ClientToProxyConnection.java:430) ~[browsermob-dist-2.1.4.jar:?]
	at org.littleshoot.proxy.impl.ProxyToServerConnection.respondWith(ProxyToServerConnection.java:519) ~[browsermob-dist-2.1.4.jar:?]
	at org.littleshoot.proxy.impl.ProxyToServerConnection.readHTTPInitial(ProxyToServerConnection.java:238) ~[browsermob-dist-2.1.4.jar:?]
	at org.littleshoot.proxy.impl.ProxyToServerConnection.readHTTPInitial(ProxyToServerConnection.java:77) ~[browsermob-dist-2.1.4.jar:?]
	at org.littleshoot.proxy.impl.ProxyConnection.readHTTP(ProxyConnection.java:135) ~[browsermob-dist-2.1.4.jar:?]
	at org.littleshoot.proxy.impl.ProxyConnection.read(ProxyConnection.java:120) ~[browsermob-dist-2.1.4.jar:?]
	at org.littleshoot.proxy.impl.ProxyToServerConnection.read(ProxyToServerConnection.java:214) ~[browsermob-dist-2.1.4.jar:?]
	at org.littleshoot.proxy.impl.ProxyConnection.channelRead0(ProxyConnection.java:587) ~[browsermob-dist-2.1.4.jar:?]
	at io.netty.channel.SimpleChannelInboundHandler.channelRead(SimpleChannelInboundHandler.java:105) ~[browsermob-dist-2.1.4.jar:?]
	at io.netty.channel.AbstractChannelHandlerContext.invokeChannelRead(AbstractChannelHandlerContext.java:373) [browsermob-dist-2.1.4.jar:?]
	at io.netty.channel.AbstractChannelHandlerContext.invokeChannelRead(AbstractChannelHandlerContext.java:359) [browsermob-dist-2.1.4.jar:?]
	at io.netty.channel.AbstractChannelHandlerContext.fireChannelRead(AbstractChannelHandlerContext.java:351) [browsermob-dist-2.1.4.jar:?]
	at io.netty.handler.timeout.IdleStateHandler.channelRead(IdleStateHandler.java:266) [browsermob-dist-2.1.4.jar:?]
	at io.netty.channel.AbstractChannelHandlerContext.invokeChannelRead(AbstractChannelHandlerContext.java:373) [browsermob-dist-2.1.4.jar:?]
	at io.netty.channel.AbstractChannelHandlerContext.invokeChannelRead(AbstractChannelHandlerContext.java:359) [browsermob-dist-2.1.4.jar:?]
	at io.netty.channel.AbstractChannelHandlerContext.fireChannelRead(AbstractChannelHandlerContext.java:351) [browsermob-dist-2.1.4.jar:?]
	at io.netty.channel.ChannelInboundHandlerAdapter.channelRead(ChannelInboundHandlerAdapter.java:86) [browsermob-dist-2.1.4.jar:?]
	at org.littleshoot.proxy.impl.ProxyConnection$ResponseReadMonitor.channelRead(ProxyConnection.java:738) [browsermob-dist-2.1.4.jar:?]
	at io.netty.channel.AbstractChannelHandlerContext.invokeChannelRead(AbstractChannelHandlerContext.java:373) [browsermob-dist-2.1.4.jar:?]
	at io.netty.channel.AbstractChannelHandlerContext.invokeChannelRead(AbstractChannelHandlerContext.java:359) [browsermob-dist-2.1.4.jar:?]
	at io.netty.channel.AbstractChannelHandlerContext.fireChannelRead(AbstractChannelHandlerContext.java:351) [browsermob-dist-2.1.4.jar:?]
	at io.netty.handler.codec.ByteToMessageDecoder.fireChannelRead(ByteToMessageDecoder.java:293) [browsermob-dist-2.1.4.jar:?]
	at io.netty.handler.codec.ByteToMessageDecoder.channelRead(ByteToMessageDecoder.java:267) [browsermob-dist-2.1.4.jar:?]
	at io.netty.channel.AbstractChannelHandlerContext.invokeChannelRead(AbstractChannelHandlerContext.java:373) [browsermob-dist-2.1.4.jar:?]
	at io.netty.channel.AbstractChannelHandlerContext.invokeChannelRead(AbstractChannelHandlerContext.java:359) [browsermob-dist-2.1.4.jar:?]
	at io.netty.channel.AbstractChannelHandlerContext.fireChannelRead(AbstractChannelHandlerContext.java:351) [browsermob-dist-2.1.4.jar:?]
	at io.netty.channel.ChannelInboundHandlerAdapter.channelRead(ChannelInboundHandlerAdapter.java:86) [browsermob-dist-2.1.4.jar:?]
	at org.littleshoot.proxy.impl.ProxyConnection$BytesReadMonitor.channelRead(ProxyConnection.java:692) [browsermob-dist-2.1.4.jar:?]
	at io.netty.channel.AbstractChannelHandlerContext.invokeChannelRead(AbstractChannelHandlerContext.java:373) [browsermob-dist-2.1.4.jar:?]
	at io.netty.channel.AbstractChannelHandlerContext.invokeChannelRead(AbstractChannelHandlerContext.java:359) [browsermob-dist-2.1.4.jar:?]
	at io.netty.channel.AbstractChannelHandlerContext.fireChannelRead(AbstractChannelHandlerContext.java:351) [browsermob-dist-2.1.4.jar:?]
	at io.netty.handler.ssl.SslHandler.unwrap(SslHandler.java:1069) [browsermob-dist-2.1.4.jar:?]
	at io.netty.handler.ssl.SslHandler.decode(SslHandler.java:902) [browsermob-dist-2.1.4.jar:?]
	at io.netty.handler.codec.ByteToMessageDecoder.callDecode(ByteToMessageDecoder.java:411) [browsermob-dist-2.1.4.jar:?]
	at io.netty.handler.codec.ByteToMessageDecoder.channelRead(ByteToMessageDecoder.java:248) [browsermob-dist-2.1.4.jar:?]
	at io.netty.channel.AbstractChannelHandlerContext.invokeChannelRead(AbstractChannelHandlerContext.java:373) [browsermob-dist-2.1.4.jar:?]
	at io.netty.channel.AbstractChannelHandlerContext.invokeChannelRead(AbstractChannelHandlerContext.java:359) [browsermob-dist-2.1.4.jar:?]
	at io.netty.channel.AbstractChannelHandlerContext.fireChannelRead(AbstractChannelHandlerContext.java:351) [browsermob-dist-2.1.4.jar:?]
	at io.netty.channel.DefaultChannelPipeline$HeadContext.channelRead(DefaultChannelPipeline.java:1334) [browsermob-dist-2.1.4.jar:?]
	at io.netty.channel.AbstractChannelHandlerContext.invokeChannelRead(AbstractChannelHandlerContext.java:373) [browsermob-dist-2.1.4.jar:?]
	at io.netty.channel.AbstractChannelHandlerContext.invokeChannelRead(AbstractChannelHandlerContext.java:359) [browsermob-dist-2.1.4.jar:?]
	at io.netty.channel.DefaultChannelPipeline.fireChannelRead(DefaultChannelPipeline.java:926) [browsermob-dist-2.1.4.jar:?]
	at io.netty.channel.nio.AbstractNioByteChannel$NioByteUnsafe.read(AbstractNioByteChannel.java:129) [browsermob-dist-2.1.4.jar:?]
	at io.netty.channel.nio.NioEventLoop.processSelectedKey(NioEventLoop.java:651) [browsermob-dist-2.1.4.jar:?]
	at io.netty.channel.nio.NioEventLoop.processSelectedKeysOptimized(NioEventLoop.java:574) [browsermob-dist-2.1.4.jar:?]
	at io.netty.channel.nio.NioEventLoop.processSelectedKeys(NioEventLoop.java:488) [browsermob-dist-2.1.4.jar:?]
	at io.netty.channel.nio.NioEventLoop.run(NioEventLoop.java:450) [browsermob-dist-2.1.4.jar:?]
	at io.netty.util.concurrent.SingleThreadEventExecutor$5.run(SingleThreadEventExecutor.java:873) [browsermob-dist-2.1.4.jar:?]
	at java.lang.Thread.run(Thread.java:829) [?:?]

[INFO  2023-10-16T12:24:12,983 org.littleshoot.proxy.impl.ProxyToServerConnection] (LittleProxy-0-ProxyToServerWorker-4) (AWAITING_INITIAL) [id: 0xc6bde44e, L:/192.168.1.6:64156 ! R:sentry.sabaidea.cloud/91.228.132.75:443]: Disconnecting open connection to server 
